<?xml version="1.0" encoding="UTF-8"?>
<testng-results ignored="0" total="2" passed="2" failed="0" skipped="0">
  <reporter-output>
  </reporter-output>
  <suite started-at="2025-01-27T19:09:22 IST" name="Suite" finished-at="2025-01-27T19:09:35 IST" duration-ms="12477">
    <groups>
      <group name="Master">
        <method signature="TC_RHLogin.someTest(java.lang.String,java.lang.String)[pri:0, instance:testCases.TC_RHLogin@1ebd319f]" name="someTest" class="testCases.TC_RHLogin"/>
      </group> <!-- Master -->
      <group name="Sanity">
        <method signature="TC_RHLogin.someTest(java.lang.String,java.lang.String)[pri:0, instance:testCases.TC_RHLogin@1ebd319f]" name="someTest" class="testCases.TC_RHLogin"/>
      </group> <!-- Sanity -->
      <group name="dataDriven">
        <method signature="TC_RHLogin.someTest(java.lang.String,java.lang.String)[pri:0, instance:testCases.TC_RHLogin@1ebd319f]" name="someTest" class="testCases.TC_RHLogin"/>
      </group> <!-- dataDriven -->
    </groups>
    <test started-at="2025-01-27T19:09:22 IST" name="Test1" finished-at="2025-01-27T19:09:22 IST" duration-ms="182">
    </test> <!-- Test1 -->
    <test started-at="2025-01-27T19:09:22 IST" name="Test2" finished-at="2025-01-27T19:09:35 IST" duration-ms="12477">
      <class name="testCases.TC_RHLogin">
        <test-method is-config="true" signature="setUp(java.lang.String)[pri:0, instance:testCases.TC_RHLogin@1ebd319f]" started-at="2025-01-27T19:09:23 IST" name="setUp" finished-at="2025-01-27T19:09:29 IST" duration-ms="6851" status="PASS">
          <params>
            <param index="0">
              <value>
                <![CDATA[chrome]]>
              </value>
            </param>
          </params>
          <reporter-output>
          </reporter-output>
        </test-method> <!-- setUp -->
        <test-method signature="someTest(java.lang.String,java.lang.String)[pri:0, instance:testCases.TC_RHLogin@1ebd319f]" started-at="2025-01-27T19:09:31 IST" name="someTest" data-provider="LoginData" finished-at="2025-01-27T19:09:34 IST" duration-ms="2686" status="PASS">
          <params>
            <param index="0">
              <value>
                <![CDATA[kirantj4197@yahoo.com]]>
              </value>
            </param>
            <param index="1">
              <value>
                <![CDATA[Kirantj4197#]]>
              </value>
            </param>
          </params>
          <reporter-output>
          </reporter-output>
        </test-method> <!-- someTest -->
        <test-method signature="someTest(java.lang.String,java.lang.String)[pri:0, instance:testCases.TC_RHLogin@1ebd319f]" started-at="2025-01-27T19:09:34 IST" name="someTest" data-provider="LoginData" finished-at="2025-01-27T19:09:34 IST" duration-ms="644" status="PASS">
          <params>
            <param index="0">
              <value>
                <![CDATA[kirantj4197@gmail.com]]>
              </value>
            </param>
            <param index="1">
              <value>
                <![CDATA[password]]>
              </value>
            </param>
          </params>
          <reporter-output>
          </reporter-output>
        </test-method> <!-- someTest -->
        <test-method is-config="true" signature="tearDown()[pri:0, instance:testCases.TC_RHLogin@1ebd319f]" started-at="2025-01-27T19:09:34 IST" name="tearDown" finished-at="2025-01-27T19:09:35 IST" duration-ms="373" status="PASS">
          <reporter-output>
          </reporter-output>
        </test-method> <!-- tearDown -->
      </class> <!-- testCases.TC_RHLogin -->
    </test> <!-- Test2 -->
  </suite> <!-- Suite -->
</testng-results>
