<?xml version="1.0" encoding="UTF-8"?>
<testng-results ignored="0" total="2" passed="2" failed="0" skipped="0">
  <reporter-output>
  </reporter-output>
  <suite started-at="2025-01-27T11:08:43 IST" name="Suite" finished-at="2025-01-27T11:09:00 IST" duration-ms="16766">
    <groups>
      <group name="Master">
        <method signature="TC_RHLogin.someTest(java.lang.String,java.lang.String)[pri:0, instance:testCases.TC_RHLogin@4e7912d8]" name="someTest" class="testCases.TC_RHLogin"/>
      </group> <!-- Master -->
      <group name="Sanity">
        <method signature="TC_RHLogin.someTest(java.lang.String,java.lang.String)[pri:0, instance:testCases.TC_RHLogin@4e7912d8]" name="someTest" class="testCases.TC_RHLogin"/>
      </group> <!-- Sanity -->
      <group name="dataDriven">
        <method signature="TC_RHLogin.someTest(java.lang.String,java.lang.String)[pri:0, instance:testCases.TC_RHLogin@4e7912d8]" name="someTest" class="testCases.TC_RHLogin"/>
      </group> <!-- dataDriven -->
    </groups>
    <test started-at="2025-01-27T11:08:43 IST" name="Test1" finished-at="2025-01-27T11:08:44 IST" duration-ms="708">
    </test> <!-- Test1 -->
    <test started-at="2025-01-27T11:08:43 IST" name="Test2" finished-at="2025-01-27T11:09:00 IST" duration-ms="16766">
      <class name="testCases.TC_RHLogin">
        <test-method is-config="true" signature="setUp(java.lang.String)[pri:0, instance:testCases.TC_RHLogin@4e7912d8]" started-at="2025-01-27T11:08:44 IST" name="setUp" finished-at="2025-01-27T11:08:54 IST" duration-ms="10281" status="PASS">
          <params>
            <param index="0">
              <value>
                <![CDATA[chrome]]>
              </value>
            </param>
          </params>
          <reporter-output>
          </reporter-output>
        </test-method> <!-- setUp -->
        <test-method signature="someTest(java.lang.String,java.lang.String)[pri:0, instance:testCases.TC_RHLogin@4e7912d8]" started-at="2025-01-27T11:08:56 IST" name="someTest" data-provider="LoginData" finished-at="2025-01-27T11:08:58 IST" duration-ms="2616" status="PASS">
          <params>
            <param index="0">
              <value>
                <![CDATA[kirantj4197@yahoo.com]]>
              </value>
            </param>
            <param index="1">
              <value>
                <![CDATA[Kirantj4197#]]>
              </value>
            </param>
          </params>
          <reporter-output>
          </reporter-output>
        </test-method> <!-- someTest -->
        <test-method signature="someTest(java.lang.String,java.lang.String)[pri:0, instance:testCases.TC_RHLogin@4e7912d8]" started-at="2025-01-27T11:08:58 IST" name="someTest" data-provider="LoginData" finished-at="2025-01-27T11:08:59 IST" duration-ms="1303" status="PASS">
          <params>
            <param index="0">
              <value>
                <![CDATA[kirantj4197@gmail.com]]>
              </value>
            </param>
            <param index="1">
              <value>
                <![CDATA[password]]>
              </value>
            </param>
          </params>
          <reporter-output>
          </reporter-output>
        </test-method> <!-- someTest -->
        <test-method is-config="true" signature="tearDown()[pri:0, instance:testCases.TC_RHLogin@4e7912d8]" started-at="2025-01-27T11:08:59 IST" name="tearDown" finished-at="2025-01-27T11:09:00 IST" duration-ms="178" status="PASS">
          <reporter-output>
          </reporter-output>
        </test-method> <!-- tearDown -->
      </class> <!-- testCases.TC_RHLogin -->
    </test> <!-- Test2 -->
  </suite> <!-- Suite -->
</testng-results>
